{"C:\\Users\\Usuario\\movie-challenge-fw\\movie-challenge-fw\\src\\components\\MovieContext.tsx": {"path":"C:\\Users\\Usuario\\movie-challenge-fw\\movie-challenge-fw\\src\\components\\MovieContext.tsx","statementMap":{"0":{"start":{"line":1,"column":0},"end":{"line":1,"column":71}},"1":{"start":{"line":16,"column":47},"end":{"line":25,"column":2}},"2":{"start":{"line":28,"column":21},"end":{"line":28,"column":74}},"3":{"start":{"line":35,"column":59},"end":{"line":56,"column":1}},"4":{"start":{"line":37,"column":30},"end":{"line":37,"column":50}},"5":{"start":{"line":38,"column":46},"end":{"line":38,"column":68}},"6":{"start":{"line":39,"column":36},"end":{"line":39,"column":57}},"7":{"start":{"line":40,"column":26},"end":{"line":40,"column":37}},"8":{"start":{"line":43,"column":28},"end":{"line":52,"column":4}},"9":{"start":{"line":55,"column":2},"end":{"line":55,"column":93}},"10":{"start":{"line":35,"column":13},"end":{"line":35,"column":59}},"11":{"start":{"line":60,"column":31},"end":{"line":66,"column":1}},"12":{"start":{"line":61,"column":18},"end":{"line":61,"column":42}},"13":{"start":{"line":65,"column":2},"end":{"line":65,"column":17}},"14":{"start":{"line":60,"column":13},"end":{"line":60,"column":31}}},"fnMap":{"0":{"name":"(anonymous_0)","decl":{"start":{"line":18,"column":13},"end":{"line":18,"column":16}},"loc":{"start":{"line":18,"column":18},"end":{"line":18,"column":21}}},"1":{"name":"(anonymous_1)","decl":{"start":{"line":20,"column":21},"end":{"line":20,"column":24}},"loc":{"start":{"line":20,"column":26},"end":{"line":20,"column":29}}},"2":{"name":"(anonymous_2)","decl":{"start":{"line":22,"column":16},"end":{"line":22,"column":19}},"loc":{"start":{"line":22,"column":21},"end":{"line":22,"column":24}}},"3":{"name":"(anonymous_3)","decl":{"start":{"line":24,"column":11},"end":{"line":24,"column":14}},"loc":{"start":{"line":24,"column":16},"end":{"line":24,"column":19}}},"4":{"name":"(anonymous_4)","decl":{"start":{"line":35,"column":59},"end":{"line":35,"column":60}},"loc":{"start":{"line":35,"column":76},"end":{"line":56,"column":1}}},"5":{"name":"(anonymous_5)","decl":{"start":{"line":60,"column":31},"end":{"line":60,"column":34}},"loc":{"start":{"line":60,"column":36},"end":{"line":66,"column":1}}}},"branchMap":{},"s":{"0":1,"1":1,"2":1,"3":1,"4":1,"5":1,"6":1,"7":1,"8":1,"9":1,"10":1,"11":1,"12":2,"13":2,"14":1},"f":{"0":0,"1":0,"2":0,"3":0,"4":1,"5":2},"b":{}}
,"C:\\Users\\Usuario\\movie-challenge-fw\\movie-challenge-fw\\src\\components\\home\\Footer.tsx": {"path":"C:\\Users\\Usuario\\movie-challenge-fw\\movie-challenge-fw\\src\\components\\home\\Footer.tsx","statementMap":{"0":{"start":{"line":1,"column":0},"end":{"line":1,"column":43}},"1":{"start":{"line":2,"column":0},"end":{"line":2,"column":41}},"2":{"start":{"line":3,"column":0},"end":{"line":3,"column":65}},"3":{"start":{"line":4,"column":0},"end":{"line":4,"column":78}},"4":{"start":{"line":11,"column":38},"end":{"line":31,"column":1}},"5":{"start":{"line":12,"column":22},"end":{"line":14,"column":4}},"6":{"start":{"line":16,"column":2},"end":{"line":30,"column":4}},"7":{"start":{"line":33,"column":0},"end":{"line":33,"column":22}}},"fnMap":{"0":{"name":"(anonymous_1)","decl":{"start":{"line":11,"column":38},"end":{"line":11,"column":39}},"loc":{"start":{"line":11,"column":69},"end":{"line":31,"column":1}}}},"branchMap":{"0":{"loc":{"start":{"line":13,"column":11},"end":{"line":13,"column":47}},"type":"cond-expr","locations":[{"start":{"line":13,"column":28},"end":{"line":13,"column":36}},{"start":{"line":13,"column":39},"end":{"line":13,"column":47}}]}},"s":{"0":1,"1":1,"2":1,"3":1,"4":1,"5":2,"6":2,"7":1},"f":{"0":2},"b":{"0":[2,0]}}
,"C:\\Users\\Usuario\\movie-challenge-fw\\movie-challenge-fw\\src\\components\\home\\Movies.tsx": {"path":"C:\\Users\\Usuario\\movie-challenge-fw\\movie-challenge-fw\\src\\components\\home\\Movies.tsx","statementMap":{"0":{"start":{"line":1,"column":0},"end":{"line":1,"column":41}},"1":{"start":{"line":2,"column":0},"end":{"line":2,"column":57}},"2":{"start":{"line":3,"column":0},"end":{"line":3,"column":44}},"3":{"start":{"line":4,"column":0},"end":{"line":4,"column":64}},"4":{"start":{"line":5,"column":0},"end":{"line":5,"column":30}},"5":{"start":{"line":6,"column":0},"end":{"line":6,"column":48}},"6":{"start":{"line":7,"column":0},"end":{"line":7,"column":40}},"7":{"start":{"line":8,"column":0},"end":{"line":8,"column":50}},"8":{"start":{"line":15,"column":38},"end":{"line":73,"column":1}},"9":{"start":{"line":16,"column":20},"end":{"line":16,"column":57}},"10":{"start":{"line":18,"column":30},"end":{"line":18,"column":51}},"11":{"start":{"line":19,"column":38},"end":{"line":19,"column":49}},"12":{"start":{"line":21,"column":28},"end":{"line":21,"column":45}},"13":{"start":{"line":23,"column":2},"end":{"line":32,"column":35}},"14":{"start":{"line":24,"column":22},"end":{"line":29,"column":5}},"15":{"start":{"line":25,"column":25},"end":{"line":25,"column":70}},"16":{"start":{"line":26,"column":8},"end":{"line":26,"column":36}},"17":{"start":{"line":27,"column":8},"end":{"line":27,"column":44}},"18":{"start":{"line":28,"column":8},"end":{"line":28,"column":56}},"19":{"start":{"line":31,"column":4},"end":{"line":31,"column":16}},"20":{"start":{"line":34,"column":21},"end":{"line":36,"column":3}},"21":{"start":{"line":35,"column":4},"end":{"line":35,"column":26}},"22":{"start":{"line":38,"column":28},"end":{"line":41,"column":3}},"23":{"start":{"line":39,"column":26},"end":{"line":39,"column":95}},"24":{"start":{"line":40,"column":4},"end":{"line":40,"column":25}},"25":{"start":{"line":43,"column":2},"end":{"line":72,"column":4}},"26":{"start":{"line":48,"column":12},"end":{"line":48,"column":59}},"27":{"start":{"line":75,"column":0},"end":{"line":75,"column":22}}},"fnMap":{"0":{"name":"(anonymous_1)","decl":{"start":{"line":15,"column":38},"end":{"line":15,"column":39}},"loc":{"start":{"line":15,"column":67},"end":{"line":73,"column":1}}},"1":{"name":"(anonymous_2)","decl":{"start":{"line":23,"column":12},"end":{"line":23,"column":15}},"loc":{"start":{"line":23,"column":17},"end":{"line":32,"column":3}}},"2":{"name":"(anonymous_3)","decl":{"start":{"line":24,"column":22},"end":{"line":24,"column":27}},"loc":{"start":{"line":24,"column":33},"end":{"line":29,"column":5}}},"3":{"name":"(anonymous_4)","decl":{"start":{"line":34,"column":21},"end":{"line":34,"column":22}},"loc":{"start":{"line":34,"column":60},"end":{"line":36,"column":3}}},"4":{"name":"(anonymous_5)","decl":{"start":{"line":38,"column":28},"end":{"line":38,"column":29}},"loc":{"start":{"line":38,"column":51},"end":{"line":41,"column":3}}},"5":{"name":"(anonymous_6)","decl":{"start":{"line":47,"column":21},"end":{"line":47,"column":22}},"loc":{"start":{"line":48,"column":12},"end":{"line":48,"column":59}}}},"branchMap":{"0":{"loc":{"start":{"line":46,"column":9},"end":{"line":67,"column":null}},"type":"cond-expr","locations":[{"start":{"line":47,"column":10},"end":{"line":65,"column":12}},{"start":{"line":67,"column":10},"end":{"line":67,"column":63}}]},"1":{"loc":{"start":{"line":46,"column":9},"end":{"line":46,"column":36}},"type":"binary-expr","locations":[{"start":{"line":46,"column":9},"end":{"line":46,"column":15}},{"start":{"line":46,"column":19},"end":{"line":46,"column":36}}]},"2":{"loc":{"start":{"line":51,"column":23},"end":{"line":51,"column":97}},"type":"cond-expr","locations":[{"start":{"line":51,"column":43},"end":{"line":51,"column":77}},{"start":{"line":51,"column":80},"end":{"line":51,"column":97}}]}},"s":{"0":1,"1":1,"2":1,"3":1,"4":1,"5":1,"6":1,"7":1,"8":1,"9":2,"10":2,"11":2,"12":2,"13":2,"14":1,"15":1,"16":1,"17":1,"18":1,"19":1,"20":2,"21":0,"22":2,"23":4,"24":4,"25":2,"26":4,"27":1},"f":{"0":2,"1":1,"2":1,"3":0,"4":4,"5":4},"b":{"0":[1,1],"1":[2,2],"2":[3,1]}}
}
