{"C:\\Users\\Usuario\\movie-challenge-fw\\movie-challenge-fw\\src\\components\\MovieContext.tsx": {"path":"C:\\Users\\Usuario\\movie-challenge-fw\\movie-challenge-fw\\src\\components\\MovieContext.tsx","statementMap":{"0":{"start":{"line":1,"column":0},"end":{"line":1,"column":71}},"1":{"start":{"line":16,"column":47},"end":{"line":25,"column":2}},"2":{"start":{"line":28,"column":21},"end":{"line":28,"column":74}},"3":{"start":{"line":35,"column":59},"end":{"line":56,"column":1}},"4":{"start":{"line":37,"column":30},"end":{"line":37,"column":50}},"5":{"start":{"line":38,"column":46},"end":{"line":38,"column":68}},"6":{"start":{"line":39,"column":36},"end":{"line":39,"column":57}},"7":{"start":{"line":40,"column":26},"end":{"line":40,"column":37}},"8":{"start":{"line":43,"column":28},"end":{"line":52,"column":4}},"9":{"start":{"line":55,"column":2},"end":{"line":55,"column":93}},"10":{"start":{"line":35,"column":13},"end":{"line":35,"column":59}},"11":{"start":{"line":60,"column":31},"end":{"line":66,"column":1}},"12":{"start":{"line":61,"column":18},"end":{"line":61,"column":42}},"13":{"start":{"line":65,"column":2},"end":{"line":65,"column":17}},"14":{"start":{"line":60,"column":13},"end":{"line":60,"column":31}}},"fnMap":{"0":{"name":"(anonymous_0)","decl":{"start":{"line":18,"column":13},"end":{"line":18,"column":16}},"loc":{"start":{"line":18,"column":18},"end":{"line":18,"column":21}}},"1":{"name":"(anonymous_1)","decl":{"start":{"line":20,"column":21},"end":{"line":20,"column":24}},"loc":{"start":{"line":20,"column":26},"end":{"line":20,"column":29}}},"2":{"name":"(anonymous_2)","decl":{"start":{"line":22,"column":16},"end":{"line":22,"column":19}},"loc":{"start":{"line":22,"column":21},"end":{"line":22,"column":24}}},"3":{"name":"(anonymous_3)","decl":{"start":{"line":24,"column":11},"end":{"line":24,"column":14}},"loc":{"start":{"line":24,"column":16},"end":{"line":24,"column":19}}},"4":{"name":"(anonymous_4)","decl":{"start":{"line":35,"column":59},"end":{"line":35,"column":60}},"loc":{"start":{"line":35,"column":76},"end":{"line":56,"column":1}}},"5":{"name":"(anonymous_5)","decl":{"start":{"line":60,"column":31},"end":{"line":60,"column":34}},"loc":{"start":{"line":60,"column":36},"end":{"line":66,"column":1}}}},"branchMap":{},"s":{"0":3,"1":3,"2":3,"3":3,"4":19,"5":19,"6":19,"7":19,"8":19,"9":19,"10":3,"11":3,"12":40,"13":40,"14":3},"f":{"0":0,"1":0,"2":0,"3":0,"4":19,"5":40},"b":{}}
,"C:\\Users\\Usuario\\movie-challenge-fw\\movie-challenge-fw\\src\\components\\home\\Footer.tsx": {"path":"C:\\Users\\Usuario\\movie-challenge-fw\\movie-challenge-fw\\src\\components\\home\\Footer.tsx","statementMap":{"0":{"start":{"line":1,"column":0},"end":{"line":1,"column":43}},"1":{"start":{"line":2,"column":0},"end":{"line":2,"column":41}},"2":{"start":{"line":3,"column":0},"end":{"line":3,"column":65}},"3":{"start":{"line":4,"column":0},"end":{"line":4,"column":78}},"4":{"start":{"line":11,"column":38},"end":{"line":31,"column":1}},"5":{"start":{"line":12,"column":22},"end":{"line":14,"column":4}},"6":{"start":{"line":16,"column":2},"end":{"line":30,"column":4}},"7":{"start":{"line":33,"column":0},"end":{"line":33,"column":22}}},"fnMap":{"0":{"name":"(anonymous_1)","decl":{"start":{"line":11,"column":38},"end":{"line":11,"column":39}},"loc":{"start":{"line":11,"column":69},"end":{"line":31,"column":1}}}},"branchMap":{"0":{"loc":{"start":{"line":13,"column":11},"end":{"line":13,"column":47}},"type":"cond-expr","locations":[{"start":{"line":13,"column":28},"end":{"line":13,"column":36}},{"start":{"line":13,"column":39},"end":{"line":13,"column":47}}]}},"s":{"0":2,"1":2,"2":2,"3":2,"4":2,"5":25,"6":25,"7":2},"f":{"0":25},"b":{"0":[25,0]}}
,"C:\\Users\\Usuario\\movie-challenge-fw\\movie-challenge-fw\\src\\components\\home\\Movies.tsx": {"path":"C:\\Users\\Usuario\\movie-challenge-fw\\movie-challenge-fw\\src\\components\\home\\Movies.tsx","statementMap":{"0":{"start":{"line":1,"column":0},"end":{"line":1,"column":41}},"1":{"start":{"line":2,"column":0},"end":{"line":2,"column":57}},"2":{"start":{"line":3,"column":0},"end":{"line":3,"column":44}},"3":{"start":{"line":4,"column":0},"end":{"line":4,"column":64}},"4":{"start":{"line":5,"column":0},"end":{"line":5,"column":30}},"5":{"start":{"line":6,"column":0},"end":{"line":6,"column":48}},"6":{"start":{"line":7,"column":0},"end":{"line":7,"column":40}},"7":{"start":{"line":8,"column":0},"end":{"line":8,"column":50}},"8":{"start":{"line":15,"column":38},"end":{"line":73,"column":1}},"9":{"start":{"line":16,"column":20},"end":{"line":16,"column":57}},"10":{"start":{"line":18,"column":30},"end":{"line":18,"column":51}},"11":{"start":{"line":19,"column":38},"end":{"line":19,"column":49}},"12":{"start":{"line":21,"column":28},"end":{"line":21,"column":45}},"13":{"start":{"line":23,"column":2},"end":{"line":32,"column":35}},"14":{"start":{"line":24,"column":22},"end":{"line":29,"column":5}},"15":{"start":{"line":25,"column":25},"end":{"line":25,"column":70}},"16":{"start":{"line":26,"column":8},"end":{"line":26,"column":36}},"17":{"start":{"line":27,"column":8},"end":{"line":27,"column":44}},"18":{"start":{"line":28,"column":8},"end":{"line":28,"column":56}},"19":{"start":{"line":31,"column":4},"end":{"line":31,"column":16}},"20":{"start":{"line":34,"column":21},"end":{"line":36,"column":3}},"21":{"start":{"line":35,"column":4},"end":{"line":35,"column":26}},"22":{"start":{"line":38,"column":28},"end":{"line":41,"column":3}},"23":{"start":{"line":39,"column":26},"end":{"line":39,"column":95}},"24":{"start":{"line":40,"column":4},"end":{"line":40,"column":25}},"25":{"start":{"line":43,"column":2},"end":{"line":72,"column":4}},"26":{"start":{"line":48,"column":12},"end":{"line":48,"column":59}},"27":{"start":{"line":75,"column":0},"end":{"line":75,"column":22}}},"fnMap":{"0":{"name":"(anonymous_1)","decl":{"start":{"line":15,"column":38},"end":{"line":15,"column":39}},"loc":{"start":{"line":15,"column":67},"end":{"line":73,"column":1}}},"1":{"name":"(anonymous_2)","decl":{"start":{"line":23,"column":12},"end":{"line":23,"column":15}},"loc":{"start":{"line":23,"column":17},"end":{"line":32,"column":3}}},"2":{"name":"(anonymous_3)","decl":{"start":{"line":24,"column":22},"end":{"line":24,"column":27}},"loc":{"start":{"line":24,"column":33},"end":{"line":29,"column":5}}},"3":{"name":"(anonymous_4)","decl":{"start":{"line":34,"column":21},"end":{"line":34,"column":22}},"loc":{"start":{"line":34,"column":60},"end":{"line":36,"column":3}}},"4":{"name":"(anonymous_5)","decl":{"start":{"line":38,"column":28},"end":{"line":38,"column":29}},"loc":{"start":{"line":38,"column":51},"end":{"line":41,"column":3}}},"5":{"name":"(anonymous_6)","decl":{"start":{"line":47,"column":21},"end":{"line":47,"column":22}},"loc":{"start":{"line":48,"column":12},"end":{"line":48,"column":59}}}},"branchMap":{"0":{"loc":{"start":{"line":46,"column":9},"end":{"line":67,"column":null}},"type":"cond-expr","locations":[{"start":{"line":47,"column":10},"end":{"line":65,"column":12}},{"start":{"line":67,"column":10},"end":{"line":67,"column":63}}]},"1":{"loc":{"start":{"line":46,"column":9},"end":{"line":46,"column":36}},"type":"binary-expr","locations":[{"start":{"line":46,"column":9},"end":{"line":46,"column":15}},{"start":{"line":46,"column":19},"end":{"line":46,"column":36}}]},"2":{"loc":{"start":{"line":51,"column":23},"end":{"line":51,"column":97}},"type":"cond-expr","locations":[{"start":{"line":51,"column":43},"end":{"line":51,"column":77}},{"start":{"line":51,"column":80},"end":{"line":51,"column":97}}]}},"s":{"0":2,"1":2,"2":2,"3":2,"4":2,"5":2,"6":2,"7":2,"8":2,"9":25,"10":25,"11":25,"12":25,"13":25,"14":14,"15":14,"16":14,"17":14,"18":14,"19":14,"20":25,"21":3,"22":25,"23":76,"24":76,"25":25,"26":76,"27":2},"f":{"0":25,"1":14,"2":14,"3":3,"4":76,"5":76},"b":{"0":[19,6],"1":[25,25],"2":[72,4]}}
,"C:\\Users\\Usuario\\movie-challenge-fw\\movie-challenge-fw\\src\\components\\home\\Sidebar.tsx": {"path":"C:\\Users\\Usuario\\movie-challenge-fw\\movie-challenge-fw\\src\\components\\home\\Sidebar.tsx","statementMap":{"0":{"start":{"line":1,"column":0},"end":{"line":1,"column":42}},"1":{"start":{"line":2,"column":0},"end":{"line":2,"column":38}},"2":{"start":{"line":3,"column":0},"end":{"line":3,"column":34}},"3":{"start":{"line":4,"column":0},"end":{"line":4,"column":30}},"4":{"start":{"line":5,"column":0},"end":{"line":5,"column":55}},"5":{"start":{"line":6,"column":0},"end":{"line":6,"column":50}},"6":{"start":{"line":8,"column":16},"end":{"line":83,"column":1}},"7":{"start":{"line":10,"column":4},"end":{"line":10,"column":21}},"8":{"start":{"line":12,"column":2},"end":{"line":19,"column":21}},"9":{"start":{"line":13,"column":24},"end":{"line":16,"column":5}},"10":{"start":{"line":14,"column":25},"end":{"line":14,"column":42}},"11":{"start":{"line":15,"column":6},"end":{"line":15,"column":38}},"12":{"start":{"line":18,"column":4},"end":{"line":18,"column":18}},"13":{"start":{"line":21,"column":29},"end":{"line":24,"column":3}},"14":{"start":{"line":22,"column":35},"end":{"line":22,"column":53}},"15":{"start":{"line":23,"column":4},"end":{"line":23,"column":30}},"16":{"start":{"line":26,"column":27},"end":{"line":33,"column":3}},"17":{"start":{"line":27,"column":26},"end":{"line":29,"column":42}},"18":{"start":{"line":28,"column":49},"end":{"line":28,"column":72}},"19":{"start":{"line":32,"column":4},"end":{"line":32,"column":37}},"20":{"start":{"line":35,"column":2},"end":{"line":82,"column":4}},"21":{"start":{"line":62,"column":12},"end":{"line":63,"column":null}},"22":{"start":{"line":74,"column":29},"end":{"line":74,"column":66}},"23":{"start":{"line":85,"column":0},"end":{"line":85,"column":23}}},"fnMap":{"0":{"name":"(anonymous_1)","decl":{"start":{"line":8,"column":16},"end":{"line":8,"column":19}},"loc":{"start":{"line":8,"column":21},"end":{"line":83,"column":1}}},"1":{"name":"(anonymous_2)","decl":{"start":{"line":12,"column":12},"end":{"line":12,"column":15}},"loc":{"start":{"line":12,"column":17},"end":{"line":19,"column":3}}},"2":{"name":"(anonymous_3)","decl":{"start":{"line":13,"column":24},"end":{"line":13,"column":29}},"loc":{"start":{"line":13,"column":35},"end":{"line":16,"column":5}}},"3":{"name":"(anonymous_4)","decl":{"start":{"line":21,"column":29},"end":{"line":21,"column":30}},"loc":{"start":{"line":21,"column":77},"end":{"line":24,"column":3}}},"4":{"name":"(anonymous_5)","decl":{"start":{"line":26,"column":27},"end":{"line":26,"column":28}},"loc":{"start":{"line":26,"column":53},"end":{"line":33,"column":3}}},"5":{"name":"(anonymous_6)","decl":{"start":{"line":28,"column":30},"end":{"line":28,"column":31}},"loc":{"start":{"line":28,"column":49},"end":{"line":28,"column":72}}},"6":{"name":"(anonymous_7)","decl":{"start":{"line":61,"column":25},"end":{"line":61,"column":26}},"loc":{"start":{"line":62,"column":12},"end":{"line":63,"column":null}}},"7":{"name":"(anonymous_8)","decl":{"start":{"line":74,"column":23},"end":{"line":74,"column":26}},"loc":{"start":{"line":74,"column":29},"end":{"line":74,"column":66}}}},"branchMap":{"0":{"loc":{"start":{"line":27,"column":26},"end":{"line":29,"column":42}},"type":"cond-expr","locations":[{"start":{"line":28,"column":8},"end":{"line":28,"column":73}},{"start":{"line":29,"column":8},"end":{"line":29,"column":42}}]},"1":{"loc":{"start":{"line":66,"column":33},"end":{"line":68,"column":45}},"type":"cond-expr","locations":[{"start":{"line":67,"column":20},"end":{"line":67,"column":29}},{"start":{"line":68,"column":20},"end":{"line":68,"column":45}}]},"2":{"loc":{"start":{"line":69,"column":27},"end":{"line":71,"column":61}},"type":"cond-expr","locations":[{"start":{"line":70,"column":20},"end":{"line":70,"column":22}},{"start":{"line":71,"column":20},"end":{"line":71,"column":61}}]},"3":{"loc":{"start":{"line":80,"column":28},"end":{"line":80,"column":55}},"type":"binary-expr","locations":[{"start":{"line":80,"column":28},"end":{"line":80,"column":34}},{"start":{"line":80,"column":38},"end":{"line":80,"column":55}}]}},"s":{"0":1,"1":1,"2":1,"3":1,"4":1,"5":1,"6":1,"7":15,"8":15,"9":4,"10":4,"11":4,"12":4,"13":15,"14":1,"15":1,"16":15,"17":6,"18":2,"19":6,"20":15,"21":22,"22":6,"23":1},"f":{"0":15,"1":4,"2":4,"3":1,"4":6,"5":2,"6":22,"7":6},"b":{"0":[1,5],"1":[8,14],"2":[8,14],"3":[15,14]}}
,"C:\\Users\\Usuario\\movie-challenge-fw\\movie-challenge-fw\\src\\components\\movie\\MovieDetails.tsx": {"path":"C:\\Users\\Usuario\\movie-challenge-fw\\movie-challenge-fw\\src\\components\\movie\\MovieDetails.tsx","statementMap":{"0":{"start":{"line":1,"column":0},"end":{"line":1,"column":51}},"1":{"start":{"line":2,"column":0},"end":{"line":2,"column":65}},"2":{"start":{"line":3,"column":0},"end":{"line":3,"column":70}},"3":{"start":{"line":4,"column":0},"end":{"line":4,"column":38}},"4":{"start":{"line":5,"column":0},"end":{"line":5,"column":41}},"5":{"start":{"line":6,"column":0},"end":{"line":6,"column":44}},"6":{"start":{"line":7,"column":0},"end":{"line":7,"column":64}},"7":{"start":{"line":8,"column":0},"end":{"line":8,"column":47}},"8":{"start":{"line":9,"column":0},"end":{"line":9,"column":40}},"9":{"start":{"line":10,"column":0},"end":{"line":10,"column":35}},"10":{"start":{"line":12,"column":21},"end":{"line":118,"column":1}},"11":{"start":{"line":28,"column":20},"end":{"line":28,"column":57}},"12":{"start":{"line":29,"column":17},"end":{"line":29,"column":28}},"13":{"start":{"line":31,"column":42},"end":{"line":31,"column":77}},"14":{"start":{"line":33,"column":2},"end":{"line":46,"column":11}},"15":{"start":{"line":34,"column":25},"end":{"line":43,"column":5}},"16":{"start":{"line":36,"column":25},"end":{"line":36,"column":55}},"17":{"start":{"line":38,"column":8},"end":{"line":38,"column":34}},"18":{"start":{"line":39,"column":8},"end":{"line":39,"column":56}},"19":{"start":{"line":45,"column":4},"end":{"line":45,"column":19}},"20":{"start":{"line":48,"column":23},"end":{"line":50,"column":3}},"21":{"start":{"line":49,"column":4},"end":{"line":49,"column":73}},"22":{"start":{"line":49,"column":42},"end":{"line":49,"column":52}},"23":{"start":{"line":52,"column":28},"end":{"line":59,"column":3}},"24":{"start":{"line":53,"column":26},"end":{"line":57,"column":6}},"25":{"start":{"line":58,"column":4},"end":{"line":58,"column":25}},"26":{"start":{"line":61,"column":19},"end":{"line":66,"column":3}},"27":{"start":{"line":62,"column":26},"end":{"line":64,"column":6}},"28":{"start":{"line":65,"column":4},"end":{"line":65,"column":25}},"29":{"start":{"line":68,"column":2},"end":{"line":117,"column":4}},"30":{"start":{"line":120,"column":0},"end":{"line":120,"column":28}}},"fnMap":{"0":{"name":"(anonymous_1)","decl":{"start":{"line":12,"column":21},"end":{"line":12,"column":24}},"loc":{"start":{"line":12,"column":26},"end":{"line":118,"column":1}}},"1":{"name":"(anonymous_2)","decl":{"start":{"line":33,"column":12},"end":{"line":33,"column":15}},"loc":{"start":{"line":33,"column":17},"end":{"line":46,"column":3}}},"2":{"name":"(anonymous_3)","decl":{"start":{"line":34,"column":25},"end":{"line":34,"column":30}},"loc":{"start":{"line":34,"column":36},"end":{"line":43,"column":5}}},"3":{"name":"(anonymous_4)","decl":{"start":{"line":48,"column":23},"end":{"line":48,"column":24}},"loc":{"start":{"line":48,"column":55},"end":{"line":50,"column":3}}},"4":{"name":"(anonymous_5)","decl":{"start":{"line":49,"column":31},"end":{"line":49,"column":32}},"loc":{"start":{"line":49,"column":42},"end":{"line":49,"column":52}}},"5":{"name":"(anonymous_6)","decl":{"start":{"line":52,"column":28},"end":{"line":52,"column":29}},"loc":{"start":{"line":52,"column":51},"end":{"line":59,"column":3}}},"6":{"name":"(anonymous_7)","decl":{"start":{"line":61,"column":19},"end":{"line":61,"column":20}},"loc":{"start":{"line":61,"column":42},"end":{"line":66,"column":3}}}},"branchMap":{"0":{"loc":{"start":{"line":49,"column":11},"end":{"line":49,"column":72}},"type":"cond-expr","locations":[{"start":{"line":49,"column":20},"end":{"line":49,"column":64}},{"start":{"line":49,"column":67},"end":{"line":49,"column":72}}]},"1":{"loc":{"start":{"line":82,"column":12},"end":{"line":84,"column":33}},"type":"cond-expr","locations":[{"start":{"line":83,"column":16},"end":{"line":83,"column":58}},{"start":{"line":84,"column":16},"end":{"line":84,"column":33}}]},"2":{"loc":{"start":{"line":90,"column":45},"end":{"line":90,"column":96}},"type":"binary-expr","locations":[{"start":{"line":90,"column":45},"end":{"line":90,"column":57}},{"start":{"line":90,"column":61},"end":{"line":90,"column":96}}]},"3":{"loc":{"start":{"line":104,"column":13},"end":{"line":104,"column":73}},"type":"binary-expr","locations":[{"start":{"line":104,"column":13},"end":{"line":104,"column":25}},{"start":{"line":104,"column":29},"end":{"line":104,"column":73}}]},"4":{"loc":{"start":{"line":108,"column":13},"end":{"line":108,"column":71}},"type":"binary-expr","locations":[{"start":{"line":108,"column":13},"end":{"line":108,"column":33}},{"start":{"line":108,"column":37},"end":{"line":108,"column":71}}]}},"s":{"0":1,"1":1,"2":1,"3":1,"4":1,"5":1,"6":1,"7":1,"8":1,"9":1,"10":1,"11":2,"12":2,"13":2,"14":2,"15":1,"16":1,"17":1,"18":1,"19":1,"20":2,"21":1,"22":2,"23":2,"24":1,"25":1,"26":2,"27":1,"28":1,"29":2,"30":1},"f":{"0":2,"1":1,"2":1,"3":1,"4":2,"5":1,"6":1},"b":{"0":[1,0],"1":[1,1],"2":[2,1],"3":[2,1],"4":[2,1]}}
,"C:\\Users\\Usuario\\movie-challenge-fw\\movie-challenge-fw\\src\\components\\movie\\StarsRating.tsx": {"path":"C:\\Users\\Usuario\\movie-challenge-fw\\movie-challenge-fw\\src\\components\\movie\\StarsRating.tsx","statementMap":{"0":{"start":{"line":1,"column":0},"end":{"line":1,"column":65}},"1":{"start":{"line":2,"column":0},"end":{"line":2,"column":59}},"2":{"start":{"line":3,"column":0},"end":{"line":3,"column":47}},"3":{"start":{"line":13,"column":34},"end":{"line":16,"column":1}},"4":{"start":{"line":15,"column":2},"end":{"line":15,"column":81}},"5":{"start":{"line":19,"column":38},"end":{"line":43,"column":1}},"6":{"start":{"line":21,"column":24},"end":{"line":21,"column":54}},"7":{"start":{"line":26,"column":16},"end":{"line":28,"column":4}},"8":{"start":{"line":27,"column":4},"end":{"line":27,"column":22}},"9":{"start":{"line":32,"column":21},"end":{"line":34,"column":4}},"10":{"start":{"line":33,"column":4},"end":{"line":33,"column":38}},"11":{"start":{"line":37,"column":2},"end":{"line":42,"column":4}},"12":{"start":{"line":45,"column":0},"end":{"line":45,"column":22}}},"fnMap":{"0":{"name":"(anonymous_1)","decl":{"start":{"line":13,"column":34},"end":{"line":13,"column":35}},"loc":{"start":{"line":13,"column":49},"end":{"line":16,"column":1}}},"1":{"name":"(anonymous_2)","decl":{"start":{"line":19,"column":38},"end":{"line":19,"column":39}},"loc":{"start":{"line":19,"column":60},"end":{"line":43,"column":1}}},"2":{"name":"(anonymous_3)","decl":{"start":{"line":26,"column":54},"end":{"line":26,"column":55}},"loc":{"start":{"line":27,"column":4},"end":{"line":27,"column":22}}},"3":{"name":"(anonymous_4)","decl":{"start":{"line":32,"column":64},"end":{"line":32,"column":65}},"loc":{"start":{"line":33,"column":4},"end":{"line":33,"column":38}}}},"branchMap":{"0":{"loc":{"start":{"line":15,"column":47},"end":{"line":15,"column":76}},"type":"cond-expr","locations":[{"start":{"line":15,"column":56},"end":{"line":15,"column":67}},{"start":{"line":15,"column":70},"end":{"line":15,"column":76}}]},"1":{"loc":{"start":{"line":21,"column":35},"end":{"line":21,"column":53}},"type":"binary-expr","locations":[{"start":{"line":21,"column":35},"end":{"line":21,"column":48}},{"start":{"line":21,"column":52},"end":{"line":21,"column":53}}]}},"s":{"0":1,"1":1,"2":1,"3":1,"4":20,"5":1,"6":2,"7":2,"8":7,"9":2,"10":13,"11":2,"12":1},"f":{"0":20,"1":2,"2":7,"3":13},"b":{"0":[7,13],"1":[2,1]}}
}
