TN:
SF:src\components\MovieContext.tsx
FN:18,(anonymous_0)
FN:20,(anonymous_1)
FN:22,(anonymous_2)
FN:24,(anonymous_3)
FN:35,(anonymous_4)
FN:60,(anonymous_5)
FNF:6
FNH:2
FNDA:0,(anonymous_0)
FNDA:0,(anonymous_1)
FNDA:0,(anonymous_2)
FNDA:0,(anonymous_3)
FNDA:19,(anonymous_4)
FNDA:40,(anonymous_5)
DA:1,3
DA:16,3
DA:28,3
DA:35,3
DA:37,19
DA:38,19
DA:39,19
DA:40,19
DA:43,19
DA:55,19
DA:60,3
DA:61,40
DA:65,40
LF:13
LH:13
BRF:0
BRH:0
end_of_record
TN:
SF:src\components\home\Footer.tsx
FN:11,(anonymous_1)
FNF:1
FNH:1
FNDA:25,(anonymous_1)
DA:1,2
DA:2,2
DA:3,2
DA:4,2
DA:11,2
DA:12,25
DA:16,25
DA:33,2
LF:8
LH:8
BRDA:13,0,0,25
BRDA:13,0,1,0
BRF:2
BRH:1
end_of_record
TN:
SF:src\components\home\Movies.tsx
FN:15,(anonymous_1)
FN:23,(anonymous_2)
FN:24,(anonymous_3)
FN:34,(anonymous_4)
FN:38,(anonymous_5)
FN:47,(anonymous_6)
FNF:6
FNH:6
FNDA:25,(anonymous_1)
FNDA:14,(anonymous_2)
FNDA:14,(anonymous_3)
FNDA:3,(anonymous_4)
FNDA:76,(anonymous_5)
FNDA:76,(anonymous_6)
DA:1,2
DA:2,2
DA:3,2
DA:4,2
DA:5,2
DA:6,2
DA:7,2
DA:8,2
DA:15,2
DA:16,25
DA:18,25
DA:19,25
DA:21,25
DA:23,25
DA:24,14
DA:25,14
DA:26,14
DA:27,14
DA:28,14
DA:31,14
DA:34,25
DA:35,3
DA:38,25
DA:39,76
DA:40,76
DA:43,25
DA:48,76
DA:75,2
LF:28
LH:28
BRDA:46,0,0,19
BRDA:46,0,1,6
BRDA:46,1,0,25
BRDA:46,1,1,25
BRDA:51,2,0,72
BRDA:51,2,1,4
BRF:6
BRH:6
end_of_record
TN:
SF:src\components\home\Sidebar.tsx
FN:8,(anonymous_1)
FN:12,(anonymous_2)
FN:13,(anonymous_3)
FN:21,(anonymous_4)
FN:26,(anonymous_5)
FN:28,(anonymous_6)
FN:61,(anonymous_7)
FN:74,(anonymous_8)
FNF:8
FNH:8
FNDA:15,(anonymous_1)
FNDA:4,(anonymous_2)
FNDA:4,(anonymous_3)
FNDA:1,(anonymous_4)
FNDA:6,(anonymous_5)
FNDA:2,(anonymous_6)
FNDA:22,(anonymous_7)
FNDA:6,(anonymous_8)
DA:1,1
DA:2,1
DA:3,1
DA:4,1
DA:5,1
DA:6,1
DA:8,1
DA:10,15
DA:12,15
DA:13,4
DA:14,4
DA:15,4
DA:18,4
DA:21,15
DA:22,1
DA:23,1
DA:26,15
DA:27,6
DA:28,2
DA:32,6
DA:35,15
DA:62,22
DA:74,6
DA:85,1
LF:24
LH:24
BRDA:27,0,0,1
BRDA:27,0,1,5
BRDA:66,1,0,8
BRDA:66,1,1,14
BRDA:69,2,0,8
BRDA:69,2,1,14
BRDA:80,3,0,15
BRDA:80,3,1,14
BRF:8
BRH:8
end_of_record
TN:
SF:src\components\movie\MovieDetails.tsx
FN:12,(anonymous_1)
FN:33,(anonymous_2)
FN:34,(anonymous_3)
FN:48,(anonymous_4)
FN:49,(anonymous_5)
FN:52,(anonymous_6)
FN:61,(anonymous_7)
FNF:7
FNH:7
FNDA:2,(anonymous_1)
FNDA:1,(anonymous_2)
FNDA:1,(anonymous_3)
FNDA:1,(anonymous_4)
FNDA:2,(anonymous_5)
FNDA:1,(anonymous_6)
FNDA:1,(anonymous_7)
DA:1,1
DA:2,1
DA:3,1
DA:4,1
DA:5,1
DA:6,1
DA:7,1
DA:8,1
DA:9,1
DA:10,1
DA:12,1
DA:28,2
DA:29,2
DA:31,2
DA:33,2
DA:34,1
DA:36,1
DA:38,1
DA:39,1
DA:45,1
DA:48,2
DA:49,2
DA:52,2
DA:53,1
DA:58,1
DA:61,2
DA:62,1
DA:65,1
DA:68,2
DA:120,1
LF:30
LH:30
BRDA:49,0,0,1
BRDA:49,0,1,0
BRDA:82,1,0,1
BRDA:82,1,1,1
BRDA:90,2,0,2
BRDA:90,2,1,1
BRDA:104,3,0,2
BRDA:104,3,1,1
BRDA:108,4,0,2
BRDA:108,4,1,1
BRF:10
BRH:9
end_of_record
TN:
SF:src\components\movie\StarsRating.tsx
FN:13,(anonymous_1)
FN:19,(anonymous_2)
FN:26,(anonymous_3)
FN:32,(anonymous_4)
FNF:4
FNH:4
FNDA:20,(anonymous_1)
FNDA:2,(anonymous_2)
FNDA:7,(anonymous_3)
FNDA:13,(anonymous_4)
DA:1,1
DA:2,1
DA:3,1
DA:13,1
DA:15,20
DA:19,1
DA:21,2
DA:26,2
DA:27,7
DA:32,2
DA:33,13
DA:37,2
DA:45,1
LF:13
LH:13
BRDA:15,0,0,7
BRDA:15,0,1,13
BRDA:21,1,0,2
BRDA:21,1,1,1
BRF:4
BRH:4
end_of_record
